
Showing logs for build [32mmbanzai-jenkins-x-demo-master-mt5fn-1[0m stage [32mfrom-build-pack[0m and container [32mcredential-initializer[0m
{"level":"info","ts":1610300005.6577077,"caller":"creds-init/main.go:44","msg":"Credentials initialized."}

Showing logs for build [32mmbanzai-jenkins-x-demo-master-mt5fn-1[0m stage [32mfrom-build-pack[0m and container [32mworking-dir-initializer[0m

Showing logs for build [32mmbanzai-jenkins-x-demo-master-mt5fn-1[0m stage [32mfrom-build-pack[0m and container [32mplace-tools[0m

Showing logs for build [32mmbanzai-jenkins-x-demo-master-mt5fn-1[0m stage [32mfrom-build-pack[0m and container [32mstep-git-source-mbanzai-jenkins-x-demo-master-mt5fn-5bjt6[0m
{"level":"info","ts":1610300016.3109832,"caller":"git/git.go:105","msg":"Successfully cloned https://github.com/*******/jenkins-x-demo.git @ v0.0.1 in path /workspace/source"}
{"level":"warn","ts":1610300016.3111005,"caller":"git/git.go:152","msg":"Unexpected error: creating symlink: symlink /tekton/home/.ssh /root/.ssh: file exists"}
{"level":"info","ts":1610300016.3947062,"caller":"git/git.go:133","msg":"Successfully initialized and updated submodules in path /workspace/source"}

Showing logs for build [32mmbanzai-jenkins-x-demo-master-mt5fn-1[0m stage [32mfrom-build-pack[0m and container [32mstep-setup-builder-home[0m

Showing logs for build [32mmbanzai-jenkins-x-demo-master-mt5fn-1[0m stage [32mfrom-build-pack[0m and container [32mstep-git-merge[0m
Using SHAs from PULL_REFS=master:
WARNING: no SHAs to merge, falling back to initial cloned commit

Showing logs for build [32mmbanzai-jenkins-x-demo-master-mt5fn-1[0m stage [32mfrom-build-pack[0m and container [32mstep-setup-jx-git-credentials[0m
Generated Git credentials file /workspace/xdg_config/git/credentials

Showing logs for build [32mmbanzai-jenkins-x-demo-master-mt5fn-1[0m stage [32mfrom-build-pack[0m and container [32mstep-build-mvn-deploy[0m
Picked up _JAVA_OPTIONS: -XX:+UnlockExperimentalVMOptions -XX:+UseCGroupMemoryLimitForHeap -Dsun.zip.disableMemoryMapping=true -XX:+UseParallelGC -XX:MinHeapFreeRatio=5 -XX:MaxHeapFreeRatio=10 -XX:GCTimeRatio=4 -XX:AdaptiveSizePolicyWeight=90 -Xms10m -Xmx192m
OpenJDK 64-Bit Server VM warning: If the number of processors is expected to increase from one, then you should configure the number of parallel GC threads appropriately using -XX:ParallelGCThreads=N
[INFO] Scanning for projects...
[INFO] 
[INFO] --------------< com.salaboy.conferences:fmtok8s-monolith >--------------
[INFO] Building FMTOK8S :: Monolith Application 0.0.1
[INFO] --------------------------------[ jar ]---------------------------------
[INFO] 
[INFO] --- maven-clean-plugin:3.1.0:clean (default-clean) @ fmtok8s-monolith ---
[INFO] 
[INFO] --- maven-resources-plugin:3.1.0:resources (default-resources) @ fmtok8s-monolith ---
[INFO] Using 'UTF-8' encoding to copy filtered resources.
[INFO] Copying 1 resource
[INFO] Copying 7 resources
[INFO] 
[INFO] --- maven-compiler-plugin:3.8.1:compile (default-compile) @ fmtok8s-monolith ---
[INFO] Changes detected - recompiling the module!
[INFO] Compiling 1 source file to /workspace/source/target/classes
[INFO] 
[INFO] --- maven-resources-plugin:3.1.0:testResources (default-testResources) @ fmtok8s-monolith ---
[INFO] Using 'UTF-8' encoding to copy filtered resources.
[INFO] skip non existing resourceDirectory /workspace/source/src/test/resources
[INFO] 
[INFO] --- maven-compiler-plugin:3.8.1:testCompile (default-testCompile) @ fmtok8s-monolith ---
[INFO] Changes detected - recompiling the module!
[INFO] Compiling 1 source file to /workspace/source/target/test-classes
[INFO] 
[INFO] --- maven-surefire-plugin:3.0.0-M1:test (default-test) @ fmtok8s-monolith ---
[INFO] 
[INFO] -------------------------------------------------------
[INFO]  T E S T S
[INFO] -------------------------------------------------------
[INFO] Running com.salaboy.conferences.site.DemoApplicationTests
17:34:14.332 [main] DEBUG org.springframework.test.context.junit4.SpringJUnit4ClassRunner - SpringJUnit4ClassRunner constructor called with [class com.salaboy.conferences.site.DemoApplicationTests]
17:34:14.402 [main] DEBUG org.springframework.test.context.BootstrapUtils - Instantiating CacheAwareContextLoaderDelegate from class [org.springframework.test.context.cache.DefaultCacheAwareContextLoaderDelegate]
17:34:14.436 [main] DEBUG org.springframework.test.context.BootstrapUtils - Instantiating BootstrapContext using constructor [public org.springframework.test.context.support.DefaultBootstrapContext(java.lang.Class,org.springframework.test.context.CacheAwareContextLoaderDelegate)]
17:34:14.546 [main] DEBUG org.springframework.test.context.BootstrapUtils - Instantiating TestContextBootstrapper for test class [com.salaboy.conferences.site.DemoApplicationTests] from class [org.springframework.boot.test.context.SpringBootTestContextBootstrapper]
17:34:14.641 [main] INFO org.springframework.boot.test.context.SpringBootTestContextBootstrapper - Neither @ContextConfiguration nor @ContextHierarchy found for test class [com.salaboy.conferences.site.DemoApplicationTests], using SpringBootContextLoader
17:34:14.699 [main] DEBUG org.springframework.test.context.support.AbstractContextLoader - Did not detect default resource location for test class [com.salaboy.conferences.site.DemoApplicationTests]: class path resource [com/salaboy/conferences/site/DemoApplicationTests-context.xml] does not exist
17:34:14.708 [main] DEBUG org.springframework.test.context.support.AbstractContextLoader - Did not detect default resource location for test class [com.salaboy.conferences.site.DemoApplicationTests]: class path resource [com/salaboy/conferences/site/DemoApplicationTestsContext.groovy] does not exist
17:34:14.712 [main] INFO org.springframework.test.context.support.AbstractContextLoader - Could not detect default resource locations for test class [com.salaboy.conferences.site.DemoApplicationTests]: no resource found for suffixes {-context.xml, Context.groovy}.
17:34:14.717 [main] INFO org.springframework.test.context.support.AnnotationConfigContextLoaderUtils - Could not detect default configuration classes for test class [com.salaboy.conferences.site.DemoApplicationTests]: DemoApplicationTests does not declare any static, non-private, non-final, nested classes annotated with @Configuration.
17:34:14.934 [main] DEBUG org.springframework.test.context.support.ActiveProfilesUtils - Could not find an 'annotation declaring class' for annotation type [org.springframework.test.context.ActiveProfiles] and class [com.salaboy.conferences.site.DemoApplicationTests]
17:34:15.243 [main] DEBUG org.springframework.context.annotation.ClassPathScanningCandidateComponentProvider - Identified candidate component class: file [/workspace/source/target/classes/com/salaboy/conferences/site/DemoApplication.class]
17:34:15.244 [main] INFO org.springframework.boot.test.context.SpringBootTestContextBootstrapper - Found @SpringBootConfiguration com.salaboy.conferences.site.DemoApplication for test class com.salaboy.conferences.site.DemoApplicationTests
17:34:15.693 [main] DEBUG org.springframework.boot.test.context.SpringBootTestContextBootstrapper - @TestExecutionListeners is not present for class [com.salaboy.conferences.site.DemoApplicationTests]: using defaults.
17:34:15.706 [main] INFO org.springframework.boot.test.context.SpringBootTestContextBootstrapper - Loaded default TestExecutionListener class names from location [META-INF/spring.factories]: [org.springframework.boot.test.mock.mockito.MockitoTestExecutionListener, org.springframework.boot.test.mock.mockito.ResetMocksTestExecutionListener, org.springframework.boot.test.autoconfigure.restdocs.RestDocsTestExecutionListener, org.springframework.boot.test.autoconfigure.web.client.MockRestServiceServerResetTestExecutionListener, org.springframework.boot.test.autoconfigure.web.servlet.MockMvcPrintOnlyOnFailureTestExecutionListener, org.springframework.boot.test.autoconfigure.web.servlet.WebDriverTestExecutionListener, org.springframework.test.context.web.ServletTestExecutionListener, org.springframework.test.context.support.DirtiesContextBeforeModesTestExecutionListener, org.springframework.test.context.support.DependencyInjectionTestExecutionListener, org.springframework.test.context.support.DirtiesContextTestExecutionListener, org.springframework.test.context.transaction.TransactionalTestExecutionListener, org.springframework.test.context.jdbc.SqlScriptsTestExecutionListener]
17:34:15.741 [main] DEBUG org.springframework.boot.test.context.SpringBootTestContextBootstrapper - Skipping candidate TestExecutionListener [org.springframework.test.context.web.ServletTestExecutionListener] due to a missing dependency. Specify custom listener classes or make the default listener classes and their required dependencies available. Offending class: [javax/servlet/ServletContext]
17:34:15.756 [main] DEBUG org.springframework.boot.test.context.SpringBootTestContextBootstrapper - Skipping candidate TestExecutionListener [org.springframework.test.context.transaction.TransactionalTestExecutionListener] due to a missing dependency. Specify custom listener classes or make the default listener classes and their required dependencies available. Offending class: [org/springframework/transaction/TransactionDefinition]
17:34:15.796 [main] DEBUG org.springframework.boot.test.context.SpringBootTestContextBootstrapper - Skipping candidate TestExecutionListener [org.springframework.test.context.jdbc.SqlScriptsTestExecutionListener] due to a missing dependency. Specify custom listener classes or make the default listener classes and their required dependencies available. Offending class: [org/springframework/transaction/interceptor/TransactionAttribute]
17:34:15.798 [main] INFO org.springframework.boot.test.context.SpringBootTestContextBootstrapper - Using TestExecutionListeners: [org.springframework.test.context.support.DirtiesContextBeforeModesTestExecutionListener@16ec5519, org.springframework.boot.test.mock.mockito.MockitoTestExecutionListener@2f7298b, org.springframework.boot.test.autoconfigure.SpringBootDependencyInjectionTestExecutionListener@188715b5, org.springframework.test.context.support.DirtiesContextTestExecutionListener@1ea9f6af, org.springframework.boot.test.mock.mockito.ResetMocksTestExecutionListener@6a192cfe, org.springframework.boot.test.autoconfigure.restdocs.RestDocsTestExecutionListener@5119fb47, org.springframework.boot.test.autoconfigure.web.client.MockRestServiceServerResetTestExecutionListener@7193666c, org.springframework.boot.test.autoconfigure.web.servlet.MockMvcPrintOnlyOnFailureTestExecutionListener@20deea7f, org.springframework.boot.test.autoconfigure.web.servlet.WebDriverTestExecutionListener@3835c46]
17:34:15.805 [main] DEBUG org.springframework.test.annotation.ProfileValueUtils - Retrieved @ProfileValueSourceConfiguration [null] for test class [com.salaboy.conferences.site.DemoApplicationTests]
17:34:15.807 [main] DEBUG org.springframework.test.annotation.ProfileValueUtils - Retrieved ProfileValueSource type [class org.springframework.test.annotation.SystemProfileValueSource] for class [com.salaboy.conferences.site.DemoApplicationTests]
17:34:15.812 [main] DEBUG org.springframework.test.annotation.ProfileValueUtils - Retrieved @ProfileValueSourceConfiguration [null] for test class [com.salaboy.conferences.site.DemoApplicationTests]
17:34:15.814 [main] DEBUG org.springframework.test.annotation.ProfileValueUtils - Retrieved ProfileValueSource type [class org.springframework.test.annotation.SystemProfileValueSource] for class [com.salaboy.conferences.site.DemoApplicationTests]
17:34:15.816 [main] DEBUG org.springframework.test.annotation.ProfileValueUtils - Retrieved @ProfileValueSourceConfiguration [null] for test class [com.salaboy.conferences.site.DemoApplicationTests]
17:34:15.818 [main] DEBUG org.springframework.test.annotation.ProfileValueUtils - Retrieved ProfileValueSource type [class org.springframework.test.annotation.SystemProfileValueSource] for class [com.salaboy.conferences.site.DemoApplicationTests]
17:34:15.830 [main] DEBUG org.springframework.test.context.support.AbstractDirtiesContextTestExecutionListener - Before test class: context [DefaultTestContext@7fa98a66 testClass = DemoApplicationTests, testInstance = [null], testMethod = [null], testException = [null], mergedContextConfiguration = [ReactiveWebMergedContextConfiguration@15ff3e9e testClass = DemoApplicationTests, locations = '{}', classes = '{class com.salaboy.conferences.site.DemoApplication}', contextInitializerClasses = '[]', activeProfiles = '{}', propertySourceLocations = '{}', propertySourceProperties = '{org.springframework.boot.test.context.SpringBootTestContextBootstrapper=true}', contextCustomizers = set[org.springframework.boot.test.context.filter.ExcludeFilterContextCustomizer@27a8c74e, org.springframework.boot.test.json.DuplicateJsonObjectContextCustomizerFactory$DuplicateJsonObjectContextCustomizer@646d64ab, org.springframework.boot.test.mock.mockito.MockitoContextCustomizer@0, org.springframework.boot.test.web.client.TestRestTemplateContextCustomizer@2f943d71, org.springframework.boot.test.web.reactive.server.WebTestClientContextCustomizer@2a742aa2, org.springframework.boot.test.autoconfigure.properties.PropertyMappingContextCustomizer@0, org.springframework.boot.test.autoconfigure.web.servlet.WebDriverContextCustomizerFactory$Customizer@2c039ac6], contextLoader = 'org.springframework.boot.test.context.SpringBootContextLoader', parent = [null]], attributes = map[[empty]]], class annotated with @DirtiesContext [false] with mode [null].
17:34:15.837 [main] DEBUG org.springframework.test.annotation.ProfileValueUtils - Retrieved @ProfileValueSourceConfiguration [null] for test class [com.salaboy.conferences.site.DemoApplicationTests]
17:34:15.838 [main] DEBUG org.springframework.test.annotation.ProfileValueUtils - Retrieved ProfileValueSource type [class org.springframework.test.annotation.SystemProfileValueSource] for class [com.salaboy.conferences.site.DemoApplicationTests]
17:34:15.892 [main] DEBUG org.springframework.test.context.support.DependencyInjectionTestExecutionListener - Performing dependency injection for test context [[DefaultTestContext@7fa98a66 testClass = DemoApplicationTests, testInstance = com.salaboy.conferences.site.DemoApplicationTests@1fa268de, testMethod = [null], testException = [null], mergedContextConfiguration = [ReactiveWebMergedContextConfiguration@15ff3e9e testClass = DemoApplicationTests, locations = '{}', classes = '{class com.salaboy.conferences.site.DemoApplication}', contextInitializerClasses = '[]', activeProfiles = '{}', propertySourceLocations = '{}', propertySourceProperties = '{org.springframework.boot.test.context.SpringBootTestContextBootstrapper=true}', contextCustomizers = set[org.springframework.boot.test.context.filter.ExcludeFilterContextCustomizer@27a8c74e, org.springframework.boot.test.json.DuplicateJsonObjectContextCustomizerFactory$DuplicateJsonObjectContextCustomizer@646d64ab, org.springframework.boot.test.mock.mockito.MockitoContextCustomizer@0, org.springframework.boot.test.web.client.TestRestTemplateContextCustomizer@2f943d71, org.springframework.boot.test.web.reactive.server.WebTestClientContextCustomizer@2a742aa2, org.springframework.boot.test.autoconfigure.properties.PropertyMappingContextCustomizer@0, org.springframework.boot.test.autoconfigure.web.servlet.WebDriverContextCustomizerFactory$Customizer@2c039ac6], contextLoader = 'org.springframework.boot.test.context.SpringBootContextLoader', parent = [null]], attributes = map[[empty]]]].
17:34:15.939 [main] DEBUG org.springframework.test.context.support.TestPropertySourceUtils - Adding inlined properties to environment: {spring.jmx.enabled=false, org.springframework.boot.test.context.SpringBootTestContextBootstrapper=true, server.port=-1}

  .   ____          _            __ _ _
 /\\ / ___'_ __ _ _(_)_ __  __ _ \ \ \ \
( ( )\___ | '_ | '_| | '_ \/ _` | \ \ \ \
 \\/  ___)| |_)| | | | | || (_| |  ) ) ) )
  '  |____| .__|_| |_|_| |_\__, | / / / /
 =========|_|==============|___/=/_/_/_/
 :: Spring Boot ::        (v2.1.9.RELEASE)

2021-01-10 17:34:17.119  INFO 71 --- [           main] c.s.c.site.DemoApplicationTests          : Starting DemoApplicationTests on *******-jenkins-x-demo-master-mt5fn-1-from-build-pack-qrk-dtl7c with PID 71 (started by root in /workspace/source)
2021-01-10 17:34:17.127  INFO 71 --- [           main] c.s.c.site.DemoApplicationTests          : No active profile set, falling back to default profiles: default
2021-01-10 17:34:26.440  INFO 71 --- [           main] o.s.b.a.e.web.EndpointLinksResolver      : Exposing 2 endpoint(s) beneath base path '/actuator'
2021-01-10 17:34:29.025  INFO 71 --- [           main] c.s.c.site.DemoApplicationTests          : Started DemoApplicationTests in 13.024 seconds (JVM running for 17.098)
[INFO] Tests run: 1, Failures: 0, Errors: 0, Skipped: 0, Time elapsed: 16.135 s - in com.salaboy.conferences.site.DemoApplicationTests
[INFO] 
[INFO] Results:
[INFO] 
[INFO] Tests run: 1, Failures: 0, Errors: 0, Skipped: 0
[INFO] 
[INFO] 
[INFO] --- maven-jar-plugin:3.1.2:jar (default-jar) @ fmtok8s-monolith ---
[INFO] Building jar: /workspace/source/target/fmtok8s-monolith-0.0.1.jar
[INFO] 
[INFO] --- spring-boot-maven-plugin:2.1.9.RELEASE:repackage (repackage) @ fmtok8s-monolith ---
[INFO] Replacing main artifact with repackaged archive
[INFO] 
[INFO] --- maven-install-plugin:2.5.2:install (default-install) @ fmtok8s-monolith ---
[INFO] Installing /workspace/source/target/fmtok8s-monolith-0.0.1.jar to /home/jenkins/.mvnrepository/com/salaboy/conferences/fmtok8s-monolith/0.0.1/fmtok8s-monolith-0.0.1.jar
[INFO] Installing /workspace/source/pom.xml to /home/jenkins/.mvnrepository/com/salaboy/conferences/fmtok8s-monolith/0.0.1/fmtok8s-monolith-0.0.1.pom
[INFO] 
[INFO] --- maven-deploy-plugin:2.8.2:deploy (default-deploy) @ fmtok8s-monolith ---
[INFO] Using alternate deployment repository local-nexus::default::http://nexus/repository/maven-releases/
[INFO] ------------------------------------------------------------------------
[INFO] BUILD SUCCESS
[INFO] ------------------------------------------------------------------------
[INFO] Total time:  01:00 min
[INFO] Finished at: 2021-01-10T17:34:42Z
[INFO] ------------------------------------------------------------------------

Showing logs for build [32mmbanzai-jenkins-x-demo-master-mt5fn-1[0m stage [32mfrom-build-pack[0m and container [32mstep-build-skaffold-version[0m
v1.0.1

Showing logs for build [32mmbanzai-jenkins-x-demo-master-mt5fn-1[0m stage [32mfrom-build-pack[0m and container [32mstep-build-container-build[0m
E0110 17:34:44.179852      10 aws_credentials.go:77] while getting AWS credentials NoCredentialProviders: no valid providers in chain. Deprecated.
	For verbose messaging see aws.Config.CredentialsChainVerboseErrors
[36mINFO[0m[0001] Using dockerignore file: /workspace/source/.dockerignore 
[36mINFO[0m[0001] Retrieving image manifest openjdk:8-jdk-slim 
[36mINFO[0m[0003] Retrieving image manifest openjdk:8-jdk-slim 
[36mINFO[0m[0004] Built cross stage deps: map[]                
[36mINFO[0m[0004] Retrieving image manifest openjdk:8-jdk-slim 
[36mINFO[0m[0005] Retrieving image manifest openjdk:8-jdk-slim 
[36mINFO[0m[0006] Executing 0 build triggers                   
[36mINFO[0m[0006] cmd: EXPOSE                                  
[36mINFO[0m[0006] Adding exposed port: 8080/tcp                
[36mINFO[0m[0006] Resolving srcs [pom.xml target/lib*]...      
[36mINFO[0m[0006] Checking for cached layer *********/todo/cache:b56a36fb428f4dba19a343e200122afd8eaf5f418aaf59384ab4397b66377830... 
[36mINFO[0m[0007] No cached layer found for cmd COPY pom.xml target/lib* /opt/lib/ 
[36mINFO[0m[0007] Resolving srcs [target/*.jar]...             
[36mINFO[0m[0007] Unpacking rootfs as cmd COPY pom.xml target/lib* /opt/lib/ requires it. 
[36mINFO[0m[0016] ENV PORT 8080                                
[36mINFO[0m[0016] No files changed in this command, skipping snapshotting. 
[36mINFO[0m[0016] ENV CLASSPATH /opt/lib                       
[36mINFO[0m[0016] No files changed in this command, skipping snapshotting. 
[36mINFO[0m[0016] EXPOSE 8080                                  
[36mINFO[0m[0016] cmd: EXPOSE                                  
[36mINFO[0m[0016] Adding exposed port: 8080/tcp                
[36mINFO[0m[0016] No files changed in this command, skipping snapshotting. 
[36mINFO[0m[0016] Resolving srcs [pom.xml target/lib*]...      
[36mINFO[0m[0016] COPY pom.xml target/lib* /opt/lib/           
[36mINFO[0m[0016] Resolving srcs [pom.xml target/lib*]...      
[36mINFO[0m[0016] Resolving 1 paths                            
[36mINFO[0m[0016] Taking snapshot of files...                  
[36mINFO[0m[0016] Pushing layer *********/todo/cache:b56a36fb428f4dba19a343e200122afd8eaf5f418aaf59384ab4397b66377830 to cache now 
[36mINFO[0m[0016] Resolving srcs [target/*.jar]...             
[36mINFO[0m[0016] COPY target/*.jar /opt/app.jar               
[36mINFO[0m[0016] Resolving srcs [target/*.jar]...             
[36mINFO[0m[0016] Resolving 1 paths                            
[36mINFO[0m[0016] Taking snapshot of files...                  
[36mINFO[0m[0017] Pushing layer *********/todo/cache:c10ac6d7d841c117971622c8f01659d4997cdbcf7e3f7f23ab57d2ab3607725d to cache now 
[36mINFO[0m[0017] WORKDIR /opt                                 
[36mINFO[0m[0017] cmd: workdir                                 
[36mINFO[0m[0017] Changed working directory to /opt            
[36mINFO[0m[0017] No files changed in this command, skipping snapshotting. 
[36mINFO[0m[0017] CMD ["java", "-XX:+UnlockExperimentalVMOptions", "-XX:+UseCGroupMemoryLimitForHeap", "-jar", "app.jar"] 
[36mINFO[0m[0017] No files changed in this command, skipping snapshotting. 
[33mWARN[0m[0018] error uploading layer to cache: failed to push to destination *********/todo/cache:b56a36fb428f4dba19a343e200122afd8eaf5f418aaf59384ab4397b66377830: HEAD https://index.*********/v2/todo/cache/blobs/sha256:67ca9a01413e6601e3e6070df6006435537151036ce28e2d41a5ece5d7408ace: unsupported status code 401 

Showing logs for build [32mmbanzai-jenkins-x-demo-master-mt5fn-1[0m stage [32mfrom-build-pack[0m and container [32mstep-build-post-build[0m
no CVE provider running in the current ** namespace so skip adding image to be analysed

Showing logs for build [32mmbanzai-jenkins-x-demo-master-mt5fn-1[0m stage [32mfrom-build-pack[0m and container [32mstep-promote-changelog[0m
Converted /workspace/source/charts/jenkins-x-demo to an unshallow repository
Generating change log from git ref 206e5ea633a3f1ddf951355c7f43ad471915184c => e9a0c2cbdda1308093a767a7e86dce419da31c41
Associating user mauro-cossu-oracle-com in users.jenkins.io with email mauro.cossu@oracle.com to git GitProvider user with login mauro.cossu@oracle.com-0 as emails match
Adding label jenkins.io/git-github-userid=mauro.cossu@oracle.com-0 to user mauro-cossu-oracle-com in users.jenkins.io
Associating user mauro-cossu-oracle-com in users.jenkins.io with email mauro.cossu@oracle.com to git GitProvider user with login mauro.cossu@oracle.com-0 as emails match
Adding label jenkins.io/git-github-userid=mauro.cossu@oracle.com-0 to user mauro-cossu-oracle-com in users.jenkins.io
Finding issues in commit messages using git format
Associating user salaboy in users.jenkins.io with email salaboy@gmail.com to git GitProvider user with login salaboy-0 as emails match
Adding label jenkins.io/git-github-userid=salaboy-0 to user salaboy in users.jenkins.io
Associating user salaboy in users.jenkins.io with email salaboy@gmail.com to git GitProvider user with login salaboy-0 as emails match
Adding label jenkins.io/git-github-userid=salaboy-0 to user salaboy in users.jenkins.io
Associating user salaboy in users.jenkins.io with email salaboy@gmail.com to git GitProvider user with login salaboy-0 as emails match
Adding label jenkins.io/git-github-userid=salaboy-0 to user salaboy in users.jenkins.io
Associating user salaboy in users.jenkins.io with email salaboy@gmail.com to git GitProvider user with login salaboy-0 as emails match
Adding label jenkins.io/git-github-userid=salaboy-0 to user salaboy in users.jenkins.io
Associating user salaboy in users.jenkins.io with email salaboy@gmail.com to git GitProvider user with login salaboy-0 as emails match
Adding label jenkins.io/git-github-userid=salaboy-0 to user salaboy in users.jenkins.io
Associating user salaboy in users.jenkins.io with email salaboy@gmail.com to git GitProvider user with login salaboy-0 as emails match
Adding label jenkins.io/git-github-userid=salaboy-0 to user salaboy in users.jenkins.io
Associating user salaboy in users.jenkins.io with email salaboy@gmail.com to git GitProvider user with login salaboy-0 as emails match
Adding label jenkins.io/git-github-userid=salaboy-0 to user salaboy in users.jenkins.io
Associating user salaboy in users.jenkins.io with email salaboy@gmail.com to git GitProvider user with login salaboy-0 as emails match
Adding label jenkins.io/git-github-userid=salaboy-0 to user salaboy in users.jenkins.io
Associating user salaboy in users.jenkins.io with email salaboy@gmail.com to git GitProvider user with login salaboy-0 as emails match
Adding label jenkins.io/git-github-userid=salaboy-0 to user salaboy in users.jenkins.io
Associating user salaboy in users.jenkins.io with email salaboy@gmail.com to git GitProvider user with login salaboy-0 as emails match
Adding label jenkins.io/git-github-userid=salaboy-0 to user salaboy in users.jenkins.io
Associating user salaboy in users.jenkins.io with email salaboy@gmail.com to git GitProvider user with login salaboy-0 as emails match
Adding label jenkins.io/git-github-userid=salaboy-0 to user salaboy in users.jenkins.io
Associating user salaboy in users.jenkins.io with email salaboy@gmail.com to git GitProvider user with login salaboy-0 as emails match
Adding label jenkins.io/git-github-userid=salaboy-0 to user salaboy in users.jenkins.io
Associating user salaboy in users.jenkins.io with email salaboy@gmail.com to git GitProvider user with login salaboy-0 as emails match
Adding label jenkins.io/git-github-userid=salaboy-0 to user salaboy in users.jenkins.io
Associating user salaboy in users.jenkins.io with email salaboy@gmail.com to git GitProvider user with login salaboy-0 as emails match
Adding label jenkins.io/git-github-userid=salaboy-0 to user salaboy in users.jenkins.io
Associating user salaboy in users.jenkins.io with email salaboy@gmail.com to git GitProvider user with login salaboy-0 as emails match
Adding label jenkins.io/git-github-userid=salaboy-0 to user salaboy in users.jenkins.io
WARNING: No release found for *******/jenkins-x-demo and tag v0.0.1 so creating a new release
Updated the release information at https://github.com/*******/jenkins-x-demo/releases/tag/v0.0.1
generated: /workspace/source/charts/jenkins-x-demo/templates/release.yaml
Created Release jenkins-x-demo-0-0-1 resource in namespace **
Updating PipelineActivity *******-jenkins-x-demo-master-1 with version 0.0.1
Updated PipelineActivities *******-jenkins-x-demo-master-1 with release notes URL: https://github.com/*******/jenkins-x-demo/releases/tag/v0.0.1

Showing logs for build [32mmbanzai-jenkins-x-demo-master-mt5fn-1[0m stage [32mfrom-build-pack[0m and container [32mstep-promote-helm-release[0m
WARNING: No $CHART_REPOSITORY defined so using the default value of: http://jenkins-x-chartmuseum:8080
Adding missing Helm repo: storage.googleapis.com https://storage.googleapis.com/chartmuseum.jenkins-x.io
Successfully added Helm repository storage.googleapis.com.
Adding missing Helm repo: jenkins-x-chartmuseum http://jenkins-x-chartmuseum:8080
Successfully added Helm repository jenkins-x-chartmuseum.
WARNING: No $CHART_REPOSITORY defined so using the default value of: http://jenkins-x-chartmuseum:8080
Uploading chart file jenkins-x-demo-0.0.1.tgz to http://jenkins-x-chartmuseum:8080/api/charts
Received 201 response: {"saved":true}

Showing logs for build [32mmbanzai-jenkins-x-demo-master-mt5fn-1[0m stage [32mfrom-build-pack[0m and container [32mstep-promote-jx-promote[0m
WARNING: prow based install so skip waiting for the merge of Pull Requests to go green as currently there is an issue with gettingstatuses from the PR, see https://github.com/jenkins-x/**/issues/2410
WARNING: No $CHART_REPOSITORY defined so using the default value of: http://jenkins-x-chartmuseum:8080
Promoting app jenkins-x-demo version 0.0.1 to namespace **-staging
Created Pull Request: https://github.com/*******/environment-**-oke-3-staging/pull/4
Added label updatebot to Pull Request https://github.com/*******/environment-**-oke-3-staging/pull/4
WARNING: Failed to query the Pull Request last commit status for https://github.com/*******/environment-**-oke-3-staging/pull/4 ref 868a0cd80724c377c41562c9d1aaf3d7781f4f91 Could not find a status for repository *******/environment-**-oke-3-staging with ref 868a0cd80724c377c41562c9d1aaf3d7781f4f91
got git provider status pending from PR https://github.com/*******/environment-**-oke-3-staging/pull/4
got git provider status pending from PR https://github.com/*******/environment-**-oke-3-staging/pull/4
got git provider status pending from PR https://github.com/*******/environment-**-oke-3-staging/pull/4
got git provider status pending from PR https://github.com/*******/environment-**-oke-3-staging/pull/4
Pull Request https://github.com/*******/environment-**-oke-3-staging/pull/4 is merged at sha c0e59880d983d4b27cbc21b9b5dc1542b93b80fa
Pull Request merged but we are not waiting for the update pipeline to complete!
WARNING: Could not find the service URL in namespace **-staging for names jenkins-x-demo, **-jenkins-x-demo, **-staging-jenkins-x-demo
